<?xml version="1.0" encoding="UTF-8"?>
<coverage generated="1594911667796" clover="3.2.0">
  <project timestamp="1594911667796" name="All files">
    <metrics statements="29" coveredstatements="28" conditionals="10" coveredconditionals="9" methods="9" coveredmethods="9" elements="48" coveredelements="46" complexity="0" loc="29" ncloc="29" packages="4" files="5" classes="5"/>
    <package name="src.business.services.authServices">
      <metrics statements="8" coveredstatements="8" conditionals="2" coveredconditionals="2" methods="2" coveredmethods="2"/>
      <file name="userRegistrator.js" path="/Users/gluque/Desktop/Projects/TDD-Aluz/aluz-server/src/business/services/authServices/userRegistrator.js">
        <metrics statements="8" coveredstatements="8" conditionals="2" coveredconditionals="2" methods="2" coveredmethods="2"/>
        <line num="5" count="1" type="stmt"/>
        <line num="6" count="3" type="stmt"/>
        <line num="7" count="3" type="cond" truecount="2" falsecount="0"/>
        <line num="8" count="1" type="stmt"/>
        <line num="13" count="3" type="stmt"/>
        <line num="14" count="2" type="stmt"/>
        <line num="15" count="2" type="stmt"/>
        <line num="17" count="2" type="stmt"/>
      </file>
    </package>
    <package name="src.complements.helpers">
      <metrics statements="6" coveredstatements="6" conditionals="4" coveredconditionals="4" methods="1" coveredmethods="1"/>
      <file name="responseFormatter.js" path="/Users/gluque/Desktop/Projects/TDD-Aluz/aluz-server/src/complements/helpers/responseFormatter.js">
        <metrics statements="6" coveredstatements="6" conditionals="4" coveredconditionals="4" methods="1" coveredmethods="1"/>
        <line num="2" count="6" type="stmt"/>
        <line num="3" count="6" type="cond" truecount="2" falsecount="0"/>
        <line num="4" count="5" type="stmt"/>
        <line num="6" count="6" type="cond" truecount="2" falsecount="0"/>
        <line num="7" count="2" type="stmt"/>
        <line num="9" count="6" type="stmt"/>
      </file>
    </package>
    <package name="src.db.schemas.userSchemas">
      <metrics statements="4" coveredstatements="4" conditionals="2" coveredconditionals="2" methods="1" coveredmethods="1"/>
      <file name="subscriptionSchema.js" path="/Users/gluque/Desktop/Projects/TDD-Aluz/aluz-server/src/db/schemas/userSchemas/subscriptionSchema.js">
        <metrics statements="1" coveredstatements="1" conditionals="0" coveredconditionals="0" methods="0" coveredmethods="0"/>
        <line num="7" count="4" type="stmt"/>
      </file>
      <file name="userSchema.js" path="/Users/gluque/Desktop/Projects/TDD-Aluz/aluz-server/src/db/schemas/userSchemas/userSchema.js">
        <metrics statements="3" coveredstatements="3" conditionals="2" coveredconditionals="2" methods="1" coveredmethods="1"/>
        <line num="6" count="3" type="stmt"/>
        <line num="50" count="4" type="cond" truecount="2" falsecount="0"/>
        <line num="51" count="1" type="stmt"/>
      </file>
    </package>
    <package name="tests">
      <metrics statements="11" coveredstatements="10" conditionals="2" coveredconditionals="1" methods="5" coveredmethods="5"/>
      <file name="utils.js" path="/Users/gluque/Desktop/Projects/TDD-Aluz/aluz-server/tests/utils.js">
        <metrics statements="11" coveredstatements="10" conditionals="2" coveredconditionals="1" methods="5" coveredmethods="5"/>
        <line num="4" count="1" type="stmt"/>
        <line num="5" count="1" type="stmt"/>
        <line num="13" count="1" type="cond" truecount="1" falsecount="1"/>
        <line num="14" count="0" type="stmt"/>
        <line num="20" count="1" type="stmt"/>
        <line num="21" count="2" type="stmt"/>
        <line num="22" count="2" type="stmt"/>
        <line num="23" count="2" type="stmt"/>
        <line num="24" count="2" type="stmt"/>
        <line num="28" count="1" type="stmt"/>
        <line num="29" count="1" type="stmt"/>
      </file>
    </package>
  </project>
</coverage>
