{"/Users/gluque/Desktop/Projects/TDD-Aluz/aluz-server/src/business/services/authServices/userRegistrator.js": {"path":"/Users/gluque/Desktop/Projects/TDD-Aluz/aluz-server/src/business/services/authServices/userRegistrator.js","statementMap":{"0":{"start":{"line":5,"column":28},"end":{"line":10,"column":1}},"1":{"start":{"line":6,"column":20},"end":{"line":6,"column":61}},"2":{"start":{"line":7,"column":2},"end":{"line":9,"column":3}},"3":{"start":{"line":8,"column":4},"end":{"line":8,"column":77}},"4":{"start":{"line":13,"column":2},"end":{"line":13,"column":37}},"5":{"start":{"line":14,"column":15},"end":{"line":14,"column":32}},"6":{"start":{"line":15,"column":2},"end":{"line":15,"column":20}},"7":{"start":{"line":17,"column":2},"end":{"line":17,"column":65}}},"fnMap":{"0":{"name":"(anonymous_0)","decl":{"start":{"line":5,"column":28},"end":{"line":5,"column":29}},"loc":{"start":{"line":5,"column":49},"end":{"line":10,"column":1}},"line":5},"1":{"name":"(anonymous_1)","decl":{"start":{"line":12,"column":15},"end":{"line":12,"column":16}},"loc":{"start":{"line":12,"column":34},"end":{"line":18,"column":1}},"line":12}},"branchMap":{"0":{"loc":{"start":{"line":7,"column":2},"end":{"line":9,"column":3}},"type":"if","locations":[{"start":{"line":7,"column":2},"end":{"line":9,"column":3}},{"start":{"line":7,"column":2},"end":{"line":9,"column":3}}],"line":7}},"s":{"0":1,"1":3,"2":3,"3":1,"4":3,"5":2,"6":2,"7":2},"f":{"0":3,"1":3},"b":{"0":[1,2]},"_coverageSchema":"43e27e138ebf9cfc5966b082cf9a028302ed4184","hash":"619be26b1dab7e241e8b1b329296fc46624ec460"}
,"/Users/gluque/Desktop/Projects/TDD-Aluz/aluz-server/src/complements/helpers/responseFormatter.js": {"path":"/Users/gluque/Desktop/Projects/TDD-Aluz/aluz-server/src/complements/helpers/responseFormatter.js","statementMap":{"0":{"start":{"line":2,"column":17},"end":{"line":2,"column":34}},"1":{"start":{"line":3,"column":2},"end":{"line":5,"column":3}},"2":{"start":{"line":4,"column":4},"end":{"line":4,"column":47}},"3":{"start":{"line":6,"column":2},"end":{"line":8,"column":3}},"4":{"start":{"line":7,"column":4},"end":{"line":7,"column":23}},"5":{"start":{"line":9,"column":2},"end":{"line":9,"column":16}}},"fnMap":{"0":{"name":"(anonymous_0)","decl":{"start":{"line":1,"column":15},"end":{"line":1,"column":16}},"loc":{"start":{"line":1,"column":34},"end":{"line":10,"column":1}},"line":1}},"branchMap":{"0":{"loc":{"start":{"line":3,"column":2},"end":{"line":5,"column":3}},"type":"if","locations":[{"start":{"line":3,"column":2},"end":{"line":5,"column":3}},{"start":{"line":3,"column":2},"end":{"line":5,"column":3}}],"line":3},"1":{"loc":{"start":{"line":6,"column":2},"end":{"line":8,"column":3}},"type":"if","locations":[{"start":{"line":6,"column":2},"end":{"line":8,"column":3}},{"start":{"line":6,"column":2},"end":{"line":8,"column":3}}],"line":6}},"s":{"0":6,"1":6,"2":5,"3":6,"4":2,"5":6},"f":{"0":6},"b":{"0":[5,1],"1":[2,4]},"_coverageSchema":"43e27e138ebf9cfc5966b082cf9a028302ed4184","hash":"c324e72cf8815555b9ab555db50283a4652d2d10"}
,"/Users/gluque/Desktop/Projects/TDD-Aluz/aluz-server/src/db/schemas/userSchemas/subscriptionSchema.js": {"path":"/Users/gluque/Desktop/Projects/TDD-Aluz/aluz-server/src/db/schemas/userSchemas/subscriptionSchema.js","statementMap":{"0":{"start":{"line":7,"column":27},"end":{"line":28,"column":1}}},"fnMap":{},"branchMap":{},"s":{"0":4},"f":{},"b":{},"_coverageSchema":"43e27e138ebf9cfc5966b082cf9a028302ed4184","hash":"eab74c017ef53f1996e8291ec7f6618223fbe052"}
,"/Users/gluque/Desktop/Projects/TDD-Aluz/aluz-server/src/db/schemas/userSchemas/userSchema.js": {"path":"/Users/gluque/Desktop/Projects/TDD-Aluz/aluz-server/src/db/schemas/userSchemas/userSchema.js","statementMap":{"0":{"start":{"line":6,"column":19},"end":{"line":76,"column":1}},"1":{"start":{"line":50,"column":8},"end":{"line":52,"column":9}},"2":{"start":{"line":51,"column":10},"end":{"line":51,"column":49}}},"fnMap":{"0":{"name":"(anonymous_0)","decl":{"start":{"line":49,"column":6},"end":{"line":49,"column":7}},"loc":{"start":{"line":49,"column":24},"end":{"line":53,"column":7}},"line":49}},"branchMap":{"0":{"loc":{"start":{"line":50,"column":8},"end":{"line":52,"column":9}},"type":"if","locations":[{"start":{"line":50,"column":8},"end":{"line":52,"column":9}},{"start":{"line":50,"column":8},"end":{"line":52,"column":9}}],"line":50}},"s":{"0":3,"1":4,"2":1},"f":{"0":4},"b":{"0":[1,3]},"_coverageSchema":"43e27e138ebf9cfc5966b082cf9a028302ed4184","hash":"d5b2940fde050428240bc7b55e00034393b3d526"}
,"/Users/gluque/Desktop/Projects/TDD-Aluz/aluz-server/tests/utils.js": {"path":"/Users/gluque/Desktop/Projects/TDD-Aluz/aluz-server/tests/utils.js","statementMap":{"0":{"start":{"line":4,"column":18},"end":{"line":18,"column":1}},"1":{"start":{"line":5,"column":2},"end":{"line":17,"column":4}},"2":{"start":{"line":13,"column":6},"end":{"line":15,"column":7}},"3":{"start":{"line":14,"column":8},"end":{"line":14,"column":34}},"4":{"start":{"line":20,"column":29},"end":{"line":26,"column":1}},"5":{"start":{"line":21,"column":22},"end":{"line":21,"column":66}},"6":{"start":{"line":22,"column":2},"end":{"line":25,"column":5}},"7":{"start":{"line":23,"column":23},"end":{"line":23,"column":70}},"8":{"start":{"line":24,"column":4},"end":{"line":24,"column":34}},"9":{"start":{"line":28,"column":16},"end":{"line":30,"column":1}},"10":{"start":{"line":29,"column":2},"end":{"line":29,"column":36}}},"fnMap":{"0":{"name":"(anonymous_0)","decl":{"start":{"line":4,"column":18},"end":{"line":4,"column":19}},"loc":{"start":{"line":4,"column":30},"end":{"line":18,"column":1}},"line":4},"1":{"name":"(anonymous_1)","decl":{"start":{"line":12,"column":4},"end":{"line":12,"column":5}},"loc":{"start":{"line":12,"column":13},"end":{"line":16,"column":5}},"line":12},"2":{"name":"(anonymous_2)","decl":{"start":{"line":20,"column":29},"end":{"line":20,"column":30}},"loc":{"start":{"line":20,"column":41},"end":{"line":26,"column":1}},"line":20},"3":{"name":"(anonymous_3)","decl":{"start":{"line":22,"column":22},"end":{"line":22,"column":23}},"loc":{"start":{"line":22,"column":48},"end":{"line":25,"column":3}},"line":22},"4":{"name":"(anonymous_4)","decl":{"start":{"line":28,"column":16},"end":{"line":28,"column":17}},"loc":{"start":{"line":28,"column":28},"end":{"line":30,"column":1}},"line":28}},"branchMap":{"0":{"loc":{"start":{"line":13,"column":6},"end":{"line":15,"column":7}},"type":"if","locations":[{"start":{"line":13,"column":6},"end":{"line":15,"column":7}},{"start":{"line":13,"column":6},"end":{"line":15,"column":7}}],"line":13}},"s":{"0":1,"1":1,"2":1,"3":0,"4":1,"5":2,"6":2,"7":2,"8":2,"9":1,"10":1},"f":{"0":1,"1":1,"2":2,"3":2,"4":1},"b":{"0":[0,1]},"_coverageSchema":"43e27e138ebf9cfc5966b082cf9a028302ed4184","hash":"3ae944f07e307436be54aa5e7fb94ae345e83ce6"}
}
