{"/Users/gluque/Desktop/Projects/TDD-Aluz/aluz-server/src/app.js": {"path":"/Users/gluque/Desktop/Projects/TDD-Aluz/aluz-server/src/app.js","statementMap":{"0":{"start":{"line":6,"column":12},"end":{"line":6,"column":21}},"1":{"start":{"line":7,"column":0},"end":{"line":7,"column":24}},"2":{"start":{"line":8,"column":0},"end":{"line":8,"column":16}},"3":{"start":{"line":9,"column":0},"end":{"line":9,"column":20}},"4":{"start":{"line":10,"column":0},"end":{"line":10,"column":22}}},"fnMap":{},"branchMap":{},"s":{"0":2,"1":2,"2":2,"3":2,"4":2},"f":{},"b":{},"_coverageSchema":"43e27e138ebf9cfc5966b082cf9a028302ed4184","hash":"8184683714c7d21d7d6136a356570d0899978f3b"}
,"/Users/gluque/Desktop/Projects/TDD-Aluz/aluz-server/src/business/services/authServices/sessionCreator.js": {"path":"/Users/gluque/Desktop/Projects/TDD-Aluz/aluz-server/src/business/services/authServices/sessionCreator.js","statementMap":{"0":{"start":{"line":6,"column":21},"end":{"line":8,"column":1}},"1":{"start":{"line":7,"column":2},"end":{"line":7,"column":65}},"2":{"start":{"line":10,"column":26},"end":{"line":13,"column":1}},"3":{"start":{"line":11,"column":18},"end":{"line":11,"column":77}},"4":{"start":{"line":12,"column":2},"end":{"line":12,"column":40}},"5":{"start":{"line":12,"column":25},"end":{"line":12,"column":40}},"6":{"start":{"line":16,"column":15},"end":{"line":26,"column":3}},"7":{"start":{"line":28,"column":2},"end":{"line":28,"column":42}},"8":{"start":{"line":29,"column":16},"end":{"line":29,"column":38}},"9":{"start":{"line":31,"column":2},"end":{"line":31,"column":47}}},"fnMap":{"0":{"name":"(anonymous_0)","decl":{"start":{"line":6,"column":21},"end":{"line":6,"column":22}},"loc":{"start":{"line":6,"column":27},"end":{"line":8,"column":1}},"line":6},"1":{"name":"(anonymous_1)","decl":{"start":{"line":10,"column":26},"end":{"line":10,"column":27}},"loc":{"start":{"line":10,"column":52},"end":{"line":13,"column":1}},"line":10},"2":{"name":"(anonymous_2)","decl":{"start":{"line":15,"column":15},"end":{"line":15,"column":16}},"loc":{"start":{"line":15,"column":46},"end":{"line":32,"column":1}},"line":15}},"branchMap":{"0":{"loc":{"start":{"line":11,"column":18},"end":{"line":11,"column":77}},"type":"cond-expr","locations":[{"start":{"line":11,"column":25},"end":{"line":11,"column":70}},{"start":{"line":11,"column":73},"end":{"line":11,"column":77}}],"line":11},"1":{"loc":{"start":{"line":12,"column":2},"end":{"line":12,"column":40}},"type":"if","locations":[{"start":{"line":12,"column":2},"end":{"line":12,"column":40}},{"start":{"line":12,"column":2},"end":{"line":12,"column":40}}],"line":12},"2":{"loc":{"start":{"line":12,"column":6},"end":{"line":12,"column":23}},"type":"binary-expr","locations":[{"start":{"line":12,"column":6},"end":{"line":12,"column":11}},{"start":{"line":12,"column":15},"end":{"line":12,"column":23}}],"line":12}},"s":{"0":4,"1":3,"2":4,"3":5,"4":5,"5":3,"6":5,"7":5,"8":2,"9":2},"f":{"0":3,"1":5,"2":5},"b":{"0":[2,3],"1":[3,2],"2":[5,2]},"_coverageSchema":"43e27e138ebf9cfc5966b082cf9a028302ed4184","hash":"67972c84bf67edb2d4869d6a29a45b8b0be5683a"}
,"/Users/gluque/Desktop/Projects/TDD-Aluz/aluz-server/src/business/services/authServices/userCreator.js": {"path":"/Users/gluque/Desktop/Projects/TDD-Aluz/aluz-server/src/business/services/authServices/userCreator.js","statementMap":{"0":{"start":{"line":4,"column":28},"end":{"line":9,"column":1}},"1":{"start":{"line":5,"column":20},"end":{"line":5,"column":61}},"2":{"start":{"line":6,"column":2},"end":{"line":8,"column":3}},"3":{"start":{"line":7,"column":4},"end":{"line":7,"column":77}},"4":{"start":{"line":12,"column":2},"end":{"line":12,"column":37}},"5":{"start":{"line":13,"column":15},"end":{"line":13,"column":32}},"6":{"start":{"line":14,"column":2},"end":{"line":14,"column":20}},"7":{"start":{"line":16,"column":2},"end":{"line":16,"column":23}}},"fnMap":{"0":{"name":"(anonymous_0)","decl":{"start":{"line":4,"column":28},"end":{"line":4,"column":29}},"loc":{"start":{"line":4,"column":49},"end":{"line":9,"column":1}},"line":4},"1":{"name":"(anonymous_1)","decl":{"start":{"line":11,"column":15},"end":{"line":11,"column":16}},"loc":{"start":{"line":11,"column":34},"end":{"line":17,"column":1}},"line":11}},"branchMap":{"0":{"loc":{"start":{"line":6,"column":2},"end":{"line":8,"column":3}},"type":"if","locations":[{"start":{"line":6,"column":2},"end":{"line":8,"column":3}},{"start":{"line":6,"column":2},"end":{"line":8,"column":3}}],"line":6}},"s":{"0":5,"1":7,"2":7,"3":1,"4":7,"5":6,"6":6,"7":6},"f":{"0":7,"1":7},"b":{"0":[1,6]},"_coverageSchema":"43e27e138ebf9cfc5966b082cf9a028302ed4184","hash":"889cab93c7558c6c0568b82cee69221a19cd2e0c"}
,"/Users/gluque/Desktop/Projects/TDD-Aluz/aluz-server/src/complements/helpers/templates/responseFormatter.js": {"path":"/Users/gluque/Desktop/Projects/TDD-Aluz/aluz-server/src/complements/helpers/templates/responseFormatter.js","statementMap":{"0":{"start":{"line":2,"column":17},"end":{"line":2,"column":34}},"1":{"start":{"line":3,"column":2},"end":{"line":5,"column":3}},"2":{"start":{"line":4,"column":4},"end":{"line":4,"column":47}},"3":{"start":{"line":6,"column":2},"end":{"line":8,"column":3}},"4":{"start":{"line":7,"column":4},"end":{"line":7,"column":23}},"5":{"start":{"line":9,"column":2},"end":{"line":9,"column":16}}},"fnMap":{"0":{"name":"(anonymous_0)","decl":{"start":{"line":1,"column":15},"end":{"line":1,"column":16}},"loc":{"start":{"line":1,"column":34},"end":{"line":10,"column":1}},"line":1}},"branchMap":{"0":{"loc":{"start":{"line":3,"column":2},"end":{"line":5,"column":3}},"type":"if","locations":[{"start":{"line":3,"column":2},"end":{"line":5,"column":3}},{"start":{"line":3,"column":2},"end":{"line":5,"column":3}}],"line":3},"1":{"loc":{"start":{"line":6,"column":2},"end":{"line":8,"column":3}},"type":"if","locations":[{"start":{"line":6,"column":2},"end":{"line":8,"column":3}},{"start":{"line":6,"column":2},"end":{"line":8,"column":3}}],"line":6}},"s":{"0":5,"1":5,"2":4,"3":5,"4":3,"5":5},"f":{"0":5},"b":{"0":[4,1],"1":[3,2]},"_coverageSchema":"43e27e138ebf9cfc5966b082cf9a028302ed4184","hash":"f5e522823fef4243bb9ba20540416b6e07bbf128"}
,"/Users/gluque/Desktop/Projects/TDD-Aluz/aluz-server/src/complements/helpers/templates/sessionTemplate.js": {"path":"/Users/gluque/Desktop/Projects/TDD-Aluz/aluz-server/src/complements/helpers/templates/sessionTemplate.js","statementMap":{"0":{"start":{"line":1,"column":24},"end":{"line":5,"column":2}},"1":{"start":{"line":1,"column":42},"end":{"line":5,"column":1}}},"fnMap":{"0":{"name":"(anonymous_0)","decl":{"start":{"line":1,"column":24},"end":{"line":1,"column":25}},"loc":{"start":{"line":1,"column":42},"end":{"line":5,"column":1}},"line":1}},"branchMap":{},"s":{"0":4,"1":2},"f":{"0":2},"b":{},"_coverageSchema":"43e27e138ebf9cfc5966b082cf9a028302ed4184","hash":"e96d1be8e72884da51212803e7844018af494021"}
,"/Users/gluque/Desktop/Projects/TDD-Aluz/aluz-server/src/db/methods/userMethods.js": {"path":"/Users/gluque/Desktop/Projects/TDD-Aluz/aluz-server/src/db/methods/userMethods.js","statementMap":{"0":{"start":{"line":6,"column":15},"end":{"line":6,"column":19}},"1":{"start":{"line":7,"column":21},"end":{"line":7,"column":36}},"2":{"start":{"line":8,"column":2},"end":{"line":9,"column":71}},"3":{"start":{"line":9,"column":4},"end":{"line":9,"column":71}},"4":{"start":{"line":10,"column":2},"end":{"line":10,"column":29}},"5":{"start":{"line":11,"column":2},"end":{"line":11,"column":20}},"6":{"start":{"line":15,"column":15},"end":{"line":15,"column":19}},"7":{"start":{"line":16,"column":2},"end":{"line":16,"column":41}},"8":{"start":{"line":20,"column":15},"end":{"line":20,"column":19}},"9":{"start":{"line":21,"column":16},"end":{"line":23,"column":4}},"10":{"start":{"line":24,"column":2},"end":{"line":24,"column":15}},"11":{"start":{"line":28,"column":15},"end":{"line":28,"column":19}},"12":{"start":{"line":29,"column":2},"end":{"line":31,"column":3}},"13":{"start":{"line":30,"column":4},"end":{"line":30,"column":61}},"14":{"start":{"line":33,"column":2},"end":{"line":33,"column":9}}},"fnMap":{"0":{"name":"toJSON","decl":{"start":{"line":5,"column":9},"end":{"line":5,"column":15}},"loc":{"start":{"line":5,"column":18},"end":{"line":12,"column":1}},"line":5},"1":{"name":"fullName","decl":{"start":{"line":14,"column":9},"end":{"line":14,"column":17}},"loc":{"start":{"line":14,"column":20},"end":{"line":17,"column":1}},"line":14},"2":{"name":"createJWT","decl":{"start":{"line":19,"column":15},"end":{"line":19,"column":24}},"loc":{"start":{"line":19,"column":27},"end":{"line":25,"column":1}},"line":19},"3":{"name":"preSave","decl":{"start":{"line":27,"column":15},"end":{"line":27,"column":22}},"loc":{"start":{"line":27,"column":29},"end":{"line":34,"column":1}},"line":27}},"branchMap":{"0":{"loc":{"start":{"line":8,"column":2},"end":{"line":9,"column":71}},"type":"if","locations":[{"start":{"line":8,"column":2},"end":{"line":9,"column":71}},{"start":{"line":8,"column":2},"end":{"line":9,"column":71}}],"line":8},"1":{"loc":{"start":{"line":29,"column":2},"end":{"line":31,"column":3}},"type":"if","locations":[{"start":{"line":29,"column":2},"end":{"line":31,"column":3}},{"start":{"line":29,"column":2},"end":{"line":31,"column":3}}],"line":29}},"s":{"0":9,"1":9,"2":9,"3":7,"4":9,"5":9,"6":1,"7":1,"8":2,"9":2,"10":2,"11":6,"12":6,"13":6,"14":6},"f":{"0":9,"1":1,"2":2,"3":6},"b":{"0":[7,2],"1":[6,0]},"_coverageSchema":"43e27e138ebf9cfc5966b082cf9a028302ed4184","hash":"9fd93b50139f2a9e89ce2815813c756f612e5fa1"}
,"/Users/gluque/Desktop/Projects/TDD-Aluz/aluz-server/src/db/models/userModel.js": {"path":"/Users/gluque/Desktop/Projects/TDD-Aluz/aluz-server/src/db/models/userModel.js","statementMap":{"0":{"start":{"line":7,"column":0},"end":{"line":7,"column":35}},"1":{"start":{"line":8,"column":0},"end":{"line":8,"column":39}},"2":{"start":{"line":9,"column":0},"end":{"line":9,"column":41}},"3":{"start":{"line":11,"column":0},"end":{"line":11,"column":32}},"4":{"start":{"line":13,"column":0},"end":{"line":13,"column":36}},"5":{"start":{"line":14,"column":0},"end":{"line":14,"column":37}},"6":{"start":{"line":16,"column":13},"end":{"line":16,"column":47}}},"fnMap":{},"branchMap":{},"s":{"0":6,"1":6,"2":6,"3":6,"4":6,"5":6,"6":6},"f":{},"b":{},"_coverageSchema":"43e27e138ebf9cfc5966b082cf9a028302ed4184","hash":"38ea793732d75785964d2107c51d066be15f2e32"}
,"/Users/gluque/Desktop/Projects/TDD-Aluz/aluz-server/src/db/repositories/userRepo.js": {"path":"/Users/gluque/Desktop/Projects/TDD-Aluz/aluz-server/src/db/repositories/userRepo.js","statementMap":{"0":{"start":{"line":1,"column":26},"end":{"line":1,"column":56}},"1":{"start":{"line":3,"column":17},"end":{"line":6,"column":1}},"2":{"start":{"line":4,"column":15},"end":{"line":4,"column":62}},"3":{"start":{"line":5,"column":2},"end":{"line":5,"column":14}}},"fnMap":{"0":{"name":"(anonymous_0)","decl":{"start":{"line":3,"column":17},"end":{"line":3,"column":18}},"loc":{"start":{"line":3,"column":56},"end":{"line":6,"column":1}},"line":3}},"branchMap":{},"s":{"0":4,"1":4,"2":5,"3":5},"f":{"0":5},"b":{},"_coverageSchema":"43e27e138ebf9cfc5966b082cf9a028302ed4184","hash":"28489671345e94daec9bb8c2258aa62c43af0b02"}
,"/Users/gluque/Desktop/Projects/TDD-Aluz/aluz-server/src/db/schemas/userSchemas/userSchema.js": {"path":"/Users/gluque/Desktop/Projects/TDD-Aluz/aluz-server/src/db/schemas/userSchemas/userSchema.js","statementMap":{"0":{"start":{"line":6,"column":19},"end":{"line":84,"column":1}},"1":{"start":{"line":50,"column":8},"end":{"line":52,"column":9}},"2":{"start":{"line":51,"column":10},"end":{"line":51,"column":49}}},"fnMap":{"0":{"name":"(anonymous_0)","decl":{"start":{"line":49,"column":6},"end":{"line":49,"column":7}},"loc":{"start":{"line":49,"column":24},"end":{"line":53,"column":7}},"line":49}},"branchMap":{"0":{"loc":{"start":{"line":50,"column":8},"end":{"line":52,"column":9}},"type":"if","locations":[{"start":{"line":50,"column":8},"end":{"line":52,"column":9}},{"start":{"line":50,"column":8},"end":{"line":52,"column":9}}],"line":50}},"s":{"0":7,"1":8,"2":1},"f":{"0":8},"b":{"0":[1,7]},"_coverageSchema":"43e27e138ebf9cfc5966b082cf9a028302ed4184","hash":"fa387f3cda1e108a3bb239d33948cc2f6a6ac13d"}
,"/Users/gluque/Desktop/Projects/TDD-Aluz/aluz-server/src/routes/controllers/authController.js": {"path":"/Users/gluque/Desktop/Projects/TDD-Aluz/aluz-server/src/routes/controllers/authController.js","statementMap":{"0":{"start":{"line":6,"column":15},"end":{"line":16,"column":2}},"1":{"start":{"line":7,"column":2},"end":{"line":7,"column":37}},"2":{"start":{"line":8,"column":2},"end":{"line":15,"column":6}},"3":{"start":{"line":18,"column":14},"end":{"line":21,"column":2}},"4":{"start":{"line":19,"column":18},"end":{"line":19,"column":55}},"5":{"start":{"line":20,"column":2},"end":{"line":20,"column":66}}},"fnMap":{"0":{"name":"(anonymous_0)","decl":{"start":{"line":6,"column":32},"end":{"line":6,"column":33}},"loc":{"start":{"line":6,"column":68},"end":{"line":16,"column":1}},"line":6},"1":{"name":"(anonymous_1)","decl":{"start":{"line":18,"column":31},"end":{"line":18,"column":32}},"loc":{"start":{"line":18,"column":67},"end":{"line":21,"column":1}},"line":18}},"branchMap":{},"s":{"0":3,"1":1,"2":1,"3":3,"4":2,"5":1},"f":{"0":1,"1":2},"b":{},"_coverageSchema":"43e27e138ebf9cfc5966b082cf9a028302ed4184","hash":"fe98f7c2a1eb82994ffb2f666fce38da3d276ccd"}
,"/Users/gluque/Desktop/Projects/TDD-Aluz/aluz-server/src/routes/routers/authRouter.js": {"path":"/Users/gluque/Desktop/Projects/TDD-Aluz/aluz-server/src/routes/routers/authRouter.js","statementMap":{"0":{"start":{"line":9,"column":19},"end":{"line":9,"column":39}},"1":{"start":{"line":10,"column":17},"end":{"line":10,"column":24}},"2":{"start":{"line":12,"column":0},"end":{"line":16,"column":2}},"3":{"start":{"line":18,"column":0},"end":{"line":22,"column":2}}},"fnMap":{},"branchMap":{},"s":{"0":3,"1":3,"2":3,"3":3},"f":{},"b":{},"_coverageSchema":"43e27e138ebf9cfc5966b082cf9a028302ed4184","hash":"be92297775598674eece150c3d7283382573a6ef"}
,"/Users/gluque/Desktop/Projects/TDD-Aluz/aluz-server/src/routes/sanitizers/authSanitizers.js": {"path":"/Users/gluque/Desktop/Projects/TDD-Aluz/aluz-server/src/routes/sanitizers/authSanitizers.js","statementMap":{"0":{"start":{"line":6,"column":32},"end":{"line":6,"column":58}},"1":{"start":{"line":7,"column":31},"end":{"line":7,"column":62}}},"fnMap":{},"branchMap":{},"s":{"0":3,"1":3},"f":{},"b":{},"_coverageSchema":"43e27e138ebf9cfc5966b082cf9a028302ed4184","hash":"41642d6f1aef9852e79f8956b1fa016f06d49c06"}
,"/Users/gluque/Desktop/Projects/TDD-Aluz/aluz-server/src/routes/validators/authValidators.js": {"path":"/Users/gluque/Desktop/Projects/TDD-Aluz/aluz-server/src/routes/validators/authValidators.js","statementMap":{"0":{"start":{"line":3,"column":35},"end":{"line":16,"column":1}},"1":{"start":{"line":18,"column":30},"end":{"line":50,"column":1}}},"fnMap":{},"branchMap":{},"s":{"0":3,"1":3},"f":{},"b":{},"_coverageSchema":"43e27e138ebf9cfc5966b082cf9a028302ed4184","hash":"1e2765c00f4f965828ff4d5009fb416712b948b1"}
,"/Users/gluque/Desktop/Projects/TDD-Aluz/aluz-server/tests/utils/userTestUtils.js": {"path":"/Users/gluque/Desktop/Projects/TDD-Aluz/aluz-server/tests/utils/userTestUtils.js","statementMap":{"0":{"start":{"line":1,"column":21},"end":{"line":9,"column":1}},"1":{"start":{"line":11,"column":23},"end":{"line":19,"column":1}},"2":{"start":{"line":21,"column":19},"end":{"line":24,"column":1}},"3":{"start":{"line":26,"column":21},"end":{"line":29,"column":1}}},"fnMap":{},"branchMap":{},"s":{"0":4,"1":4,"2":4,"3":4},"f":{},"b":{},"_coverageSchema":"43e27e138ebf9cfc5966b082cf9a028302ed4184","hash":"5fabdae5e20568aeb6204ebadb4c76320a216394"}
}
