TN:
SF:/Users/gluque/Desktop/Projects/TDD-Aluz/aluz-server/src/business/services/authServices/userRegistrator.js
FN:5,(anonymous_0)
FN:12,(anonymous_1)
FNF:2
FNH:2
FNDA:3,(anonymous_0)
FNDA:3,(anonymous_1)
DA:5,1
DA:6,3
DA:7,3
DA:8,1
DA:13,3
DA:14,2
DA:15,2
DA:17,2
LF:8
LH:8
BRDA:7,0,0,1
BRDA:7,0,1,2
BRF:2
BRH:2
end_of_record
TN:
SF:/Users/gluque/Desktop/Projects/TDD-Aluz/aluz-server/src/complements/helpers/responseFormatter.js
FN:1,(anonymous_0)
FNF:1
FNH:1
FNDA:6,(anonymous_0)
DA:2,6
DA:3,6
DA:4,5
DA:6,6
DA:7,2
DA:9,6
LF:6
LH:6
BRDA:3,0,0,5
BRDA:3,0,1,1
BRDA:6,1,0,2
BRDA:6,1,1,4
BRF:4
BRH:4
end_of_record
TN:
SF:/Users/gluque/Desktop/Projects/TDD-Aluz/aluz-server/src/db/schemas/userSchemas/subscriptionSchema.js
FNF:0
FNH:0
DA:7,4
LF:1
LH:1
BRF:0
BRH:0
end_of_record
TN:
SF:/Users/gluque/Desktop/Projects/TDD-Aluz/aluz-server/src/db/schemas/userSchemas/userSchema.js
FN:49,(anonymous_0)
FNF:1
FNH:1
FNDA:4,(anonymous_0)
DA:6,3
DA:50,4
DA:51,1
LF:3
LH:3
BRDA:50,0,0,1
BRDA:50,0,1,3
BRF:2
BRH:2
end_of_record
TN:
SF:/Users/gluque/Desktop/Projects/TDD-Aluz/aluz-server/tests/utils.js
FN:4,(anonymous_0)
FN:12,(anonymous_1)
FN:20,(anonymous_2)
FN:22,(anonymous_3)
FN:28,(anonymous_4)
FNF:5
FNH:5
FNDA:1,(anonymous_0)
FNDA:1,(anonymous_1)
FNDA:2,(anonymous_2)
FNDA:2,(anonymous_3)
FNDA:1,(anonymous_4)
DA:4,1
DA:5,1
DA:13,1
DA:14,0
DA:20,1
DA:21,2
DA:22,2
DA:23,2
DA:24,2
DA:28,1
DA:29,1
LF:11
LH:10
BRDA:13,0,0,0
BRDA:13,0,1,1
BRF:2
BRH:1
end_of_record
