TN:
SF:/Users/gluque/Desktop/Projects/TDD-Aluz/aluz-server/src/app.js
FNF:0
FNH:0
DA:6,2
DA:7,2
DA:8,2
DA:9,2
DA:10,2
LF:5
LH:5
BRF:0
BRH:0
end_of_record
TN:
SF:/Users/gluque/Desktop/Projects/TDD-Aluz/aluz-server/src/business/services/authServices/sessionCreator.js
FN:6,(anonymous_0)
FN:10,(anonymous_1)
FN:15,(anonymous_2)
FNF:3
FNH:3
FNDA:3,(anonymous_0)
FNDA:5,(anonymous_1)
FNDA:5,(anonymous_2)
DA:6,4
DA:7,3
DA:10,4
DA:11,5
DA:12,5
DA:16,5
DA:28,5
DA:29,2
DA:31,2
LF:9
LH:9
BRDA:11,0,0,2
BRDA:11,0,1,3
BRDA:12,1,0,3
BRDA:12,1,1,2
BRDA:12,2,0,5
BRDA:12,2,1,2
BRF:6
BRH:6
end_of_record
TN:
SF:/Users/gluque/Desktop/Projects/TDD-Aluz/aluz-server/src/business/services/authServices/userCreator.js
FN:4,(anonymous_0)
FN:11,(anonymous_1)
FNF:2
FNH:2
FNDA:7,(anonymous_0)
FNDA:7,(anonymous_1)
DA:4,5
DA:5,7
DA:6,7
DA:7,1
DA:12,7
DA:13,6
DA:14,6
DA:16,6
LF:8
LH:8
BRDA:6,0,0,1
BRDA:6,0,1,6
BRF:2
BRH:2
end_of_record
TN:
SF:/Users/gluque/Desktop/Projects/TDD-Aluz/aluz-server/src/complements/helpers/templates/responseFormatter.js
FN:1,(anonymous_0)
FNF:1
FNH:1
FNDA:5,(anonymous_0)
DA:2,5
DA:3,5
DA:4,4
DA:6,5
DA:7,3
DA:9,5
LF:6
LH:6
BRDA:3,0,0,4
BRDA:3,0,1,1
BRDA:6,1,0,3
BRDA:6,1,1,2
BRF:4
BRH:4
end_of_record
TN:
SF:/Users/gluque/Desktop/Projects/TDD-Aluz/aluz-server/src/complements/helpers/templates/sessionTemplate.js
FN:1,(anonymous_0)
FNF:1
FNH:1
FNDA:2,(anonymous_0)
DA:1,4
LF:1
LH:1
BRF:0
BRH:0
end_of_record
TN:
SF:/Users/gluque/Desktop/Projects/TDD-Aluz/aluz-server/src/db/methods/userMethods.js
FN:5,toJSON
FN:14,fullName
FN:19,createJWT
FN:27,preSave
FNF:4
FNH:4
FNDA:9,toJSON
FNDA:1,fullName
FNDA:2,createJWT
FNDA:6,preSave
DA:6,9
DA:7,9
DA:8,9
DA:9,7
DA:10,9
DA:11,9
DA:15,1
DA:16,1
DA:20,2
DA:21,2
DA:24,2
DA:28,6
DA:29,6
DA:30,6
DA:33,6
LF:15
LH:15
BRDA:8,0,0,7
BRDA:8,0,1,2
BRDA:29,1,0,6
BRDA:29,1,1,0
BRF:4
BRH:3
end_of_record
TN:
SF:/Users/gluque/Desktop/Projects/TDD-Aluz/aluz-server/src/db/models/userModel.js
FNF:0
FNH:0
DA:7,6
DA:8,6
DA:9,6
DA:11,6
DA:13,6
DA:14,6
DA:16,6
LF:7
LH:7
BRF:0
BRH:0
end_of_record
TN:
SF:/Users/gluque/Desktop/Projects/TDD-Aluz/aluz-server/src/db/repositories/userRepo.js
FN:3,(anonymous_0)
FNF:1
FNH:1
FNDA:5,(anonymous_0)
DA:1,4
DA:3,4
DA:4,5
DA:5,5
LF:4
LH:4
BRF:0
BRH:0
end_of_record
TN:
SF:/Users/gluque/Desktop/Projects/TDD-Aluz/aluz-server/src/db/schemas/userSchemas/userSchema.js
FN:49,(anonymous_0)
FNF:1
FNH:1
FNDA:8,(anonymous_0)
DA:6,7
DA:50,8
DA:51,1
LF:3
LH:3
BRDA:50,0,0,1
BRDA:50,0,1,7
BRF:2
BRH:2
end_of_record
TN:
SF:/Users/gluque/Desktop/Projects/TDD-Aluz/aluz-server/src/routes/controllers/authController.js
FN:6,(anonymous_0)
FN:18,(anonymous_1)
FNF:2
FNH:2
FNDA:1,(anonymous_0)
FNDA:2,(anonymous_1)
DA:6,3
DA:7,1
DA:8,1
DA:18,3
DA:19,2
DA:20,1
LF:6
LH:6
BRF:0
BRH:0
end_of_record
TN:
SF:/Users/gluque/Desktop/Projects/TDD-Aluz/aluz-server/src/routes/routers/authRouter.js
FNF:0
FNH:0
DA:9,3
DA:10,3
DA:12,3
DA:18,3
LF:4
LH:4
BRF:0
BRH:0
end_of_record
TN:
SF:/Users/gluque/Desktop/Projects/TDD-Aluz/aluz-server/src/routes/sanitizers/authSanitizers.js
FNF:0
FNH:0
DA:6,3
DA:7,3
LF:2
LH:2
BRF:0
BRH:0
end_of_record
TN:
SF:/Users/gluque/Desktop/Projects/TDD-Aluz/aluz-server/src/routes/validators/authValidators.js
FNF:0
FNH:0
DA:3,3
DA:18,3
LF:2
LH:2
BRF:0
BRH:0
end_of_record
TN:
SF:/Users/gluque/Desktop/Projects/TDD-Aluz/aluz-server/tests/utils/userTestUtils.js
FNF:0
FNH:0
DA:1,4
DA:11,4
DA:21,4
DA:26,4
LF:4
LH:4
BRF:0
BRH:0
end_of_record
